<?xml version="1.0" encoding="UTF-8"?>
<!-- Generated by org.testng.reporters.JUnitReportReporter -->
<testsuite hostname="DESKTOP-PJM9RA5" failures="0" tests="3" name="com.testng.Simple_Annotations" time="0.018" errors="0" timestamp="2023-08-31T02:10:55 IST" skipped="0">
  <testcase classname="com.testng.Simple_Annotations" name="women" time="0.003"/>
  <testcase classname="com.testng.Simple_Annotations" name="kids" time="0.009"/>
  <testcase classname="com.testng.Simple_Annotations" name="men" time="0.006"/>
</testsuite> <!-- com.testng.Simple_Annotations -->
