<?xml version="1.0" encoding="UTF-8"?>
<!-- Generated by org.testng.reporters.JUnitReportReporter -->
<testsuite hostname="DESKTOP-PJM9RA5" failures="0" tests="3" name="com.testng.Ignore" time="14.212" errors="0" timestamp="2023-09-25T11:17:02 IST" skipped="1">
  <testcase classname="com.testng.Ignore" name="edge" time="10.604"/>
  <testcase classname="com.testng.Ignore" name="google" time="3.608"/>
  <testcase classname="com.testng.Ignore" name="firefox">
    <skipped/>
  </testcase> <!-- firefox -->
</testsuite> <!-- com.testng.Ignore -->
